{"level":"info","message":"Redis connected successfully","service":"redis-client","timestamp":"2025-12-02T11:28:32.649Z"}
{"level":"info","message":"Redis connected successfully","service":"redis-client","timestamp":"2025-12-02T11:28:32.649Z"}
{"level":"info","message":"Redis connected successfully","service":"monolith","timestamp":"2025-12-02T11:28:32.650Z"}
{"level":"info","message":"Redis connected successfully","service":"monolith","timestamp":"2025-12-02T11:28:32.650Z"}
{"level":"info","message":"Prisma info:","service":"monolith","timestamp":"2025-12-02T11:28:32.651Z"}
{"level":"info","message":"Prisma info:","service":"monolith","timestamp":"2025-12-02T11:28:32.651Z"}
{"level":"info","message":"Database connected successfully","service":"monolith","timestamp":"2025-12-02T11:28:32.652Z"}
{"level":"info","message":"Database connected successfully","service":"monolith","timestamp":"2025-12-02T11:28:32.652Z"}
{"environment":"development","level":"info","message":"Travel Platform Monolith running on port 3000","port":"3000","service":"travel-platform-monolith","timestamp":"2025-12-02T11:28:32.653Z"}
{"level":"info","message":"SIGINT received, shutting down gracefully","service":"monolith","timestamp":"2025-12-02T11:30:10.547Z"}
{"level":"info","message":"Redis connected successfully","service":"redis-client","timestamp":"2025-12-02T11:30:22.742Z"}
{"level":"info","message":"Redis connected successfully","service":"monolith","timestamp":"2025-12-02T11:30:22.743Z"}
{"level":"info","message":"Prisma info:","service":"monolith","timestamp":"2025-12-02T11:30:22.746Z"}
{"level":"info","message":"Database connected successfully","service":"monolith","timestamp":"2025-12-02T11:30:22.754Z"}
{"environment":"development","level":"info","message":"Travel Platform Monolith running on port 3000","port":"3000","service":"travel-platform-monolith","timestamp":"2025-12-02T11:30:22.757Z"}
{"level":"info","message":"SIGINT received, shutting down gracefully","service":"monolith","timestamp":"2025-12-02T11:30:38.687Z"}
{"level":"info","message":"SIGINT received, shutting down gracefully","service":"monolith","timestamp":"2025-12-02T11:30:38.691Z"}
{"level":"info","message":"Redis connected successfully","service":"redis-client","timestamp":"2025-12-02T11:30:56.105Z"}
{"level":"info","message":"Redis connected successfully","service":"monolith","timestamp":"2025-12-02T11:30:56.106Z"}
{"level":"info","message":"Prisma info:","service":"monolith","timestamp":"2025-12-02T11:30:56.109Z"}
{"level":"info","message":"Database connected successfully","service":"monolith","timestamp":"2025-12-02T11:30:56.115Z"}
{"environment":"development","level":"info","message":"Travel Platform Monolith running on port 3000","port":"3000","service":"travel-platform-monolith","timestamp":"2025-12-02T11:30:56.117Z"}
{"level":"info","message":"SIGINT received, shutting down gracefully","service":"monolith","timestamp":"2025-12-02T11:31:09.812Z"}
{"level":"info","message":"SIGINT received, shutting down gracefully","service":"monolith","timestamp":"2025-12-02T11:31:09.813Z"}
{"level":"info","message":"Redis connected successfully","service":"redis-client","timestamp":"2025-12-02T11:31:36.502Z"}
{"level":"info","message":"Redis connected successfully","service":"monolith","timestamp":"2025-12-02T11:31:36.502Z"}
{"level":"info","message":"Prisma info:","service":"monolith","timestamp":"2025-12-02T11:31:36.505Z"}
{"level":"info","message":"Database connected successfully","service":"monolith","timestamp":"2025-12-02T11:31:36.513Z"}
{"environment":"development","level":"info","message":"Travel Platform Monolith running on port 3000","port":"3000","service":"travel-platform-monolith","timestamp":"2025-12-02T11:31:36.514Z"}
{"level":"info","message":"SIGINT received, shutting down gracefully","service":"monolith","timestamp":"2025-12-02T11:31:48.216Z"}
{"level":"info","message":"SIGINT received, shutting down gracefully","service":"monolith","timestamp":"2025-12-02T11:31:48.217Z"}
{"level":"info","message":"Redis connected successfully","service":"redis-client","timestamp":"2025-12-02T11:31:57.864Z"}
{"level":"info","message":"Redis connected successfully","service":"monolith","timestamp":"2025-12-02T11:31:57.865Z"}
{"level":"info","message":"Prisma info:","service":"monolith","timestamp":"2025-12-02T11:31:57.872Z"}
{"level":"info","message":"Database connected successfully","service":"monolith","timestamp":"2025-12-02T11:31:57.878Z"}
{"environment":"development","level":"info","message":"Travel Platform Monolith running on port 3000","port":"3000","service":"travel-platform-monolith","timestamp":"2025-12-02T11:31:57.880Z"}
{"level":"info","message":"::1 - - [02/Dec/2025:11:32:16 +0000] \"GET /health?id=e7131088-315b-44e8-a79b-c47f7e1fcb6a&vscodeBrowserReqId=1764675136435 HTTP/1.1\" 200 114 \"-\" \"Mozilla/5.0 (Macintosh; Intel Mac OS X 10_15_7) AppleWebKit/537.36 (KHTML, like Gecko) Code/1.106.2 Chrome/138.0.7204.251 Electron/37.7.0 Safari/537.36\"","service":"monolith","timestamp":"2025-12-02T11:32:16.467Z"}
{"level":"info","message":"SIGINT received, shutting down gracefully","service":"monolith","timestamp":"2025-12-02T13:08:48.652Z"}
{"level":"info","message":"SIGINT received, shutting down gracefully","service":"monolith","timestamp":"2025-12-02T13:08:48.662Z"}
{"level":"info","message":"Redis connected successfully","service":"redis-client","timestamp":"2025-12-02T13:19:44.367Z"}
{"level":"info","message":"Redis connected successfully","service":"backend","timestamp":"2025-12-02T13:19:44.368Z"}
{"level":"info","message":"Prisma info:","service":"backend","timestamp":"2025-12-02T13:19:44.369Z"}
{"level":"info","message":"Database connected successfully","service":"backend","timestamp":"2025-12-02T13:19:44.370Z"}
{"environment":"development","level":"info","message":"Travel Platform Monolith running on port 3000","port":"3000","service":"travel-platform-monolith","timestamp":"2025-12-02T13:19:44.371Z"}
{"level":"info","message":"SIGINT received, shutting down gracefully","service":"backend","timestamp":"2025-12-02T13:20:00.204Z"}
{"level":"info","message":"SIGINT received, shutting down gracefully","service":"backend","timestamp":"2025-12-02T13:20:00.264Z"}
{"level":"info","message":"Redis connected successfully","service":"redis-client","timestamp":"2025-12-02T13:20:08.602Z"}
{"level":"info","message":"Redis connected successfully","service":"backend","timestamp":"2025-12-02T13:20:08.603Z"}
{"level":"info","message":"Prisma info:","service":"backend","timestamp":"2025-12-02T13:20:08.604Z"}
{"level":"info","message":"Database connected successfully","service":"backend","timestamp":"2025-12-02T13:20:08.604Z"}
{"environment":"development","level":"info","message":"Travel Platform Monolith running on port 3000","port":"3000","service":"travel-platform-monolith","timestamp":"2025-12-02T13:20:08.605Z"}
{"level":"info","message":"::1 - - [02/Dec/2025:13:20:20 +0000] \"GET /health?id=e7131088-315b-44e8-a79b-c47f7e1fcb6a&vscodeBrowserReqId=1764681620425 HTTP/1.1\" 200 114 \"-\" \"Mozilla/5.0 (Macintosh; Intel Mac OS X 10_15_7) AppleWebKit/537.36 (KHTML, like Gecko) Code/1.106.2 Chrome/138.0.7204.251 Electron/37.7.0 Safari/537.36\"","service":"backend","timestamp":"2025-12-02T13:20:20.463Z"}
{"level":"info","message":"SIGINT received, shutting down gracefully","service":"backend","timestamp":"2025-12-02T13:24:39.675Z"}
{"level":"info","message":"SIGINT received, shutting down gracefully","service":"backend","timestamp":"2025-12-02T13:24:39.754Z"}
{"level":"info","message":"Redis connected successfully","service":"redis-client","timestamp":"2025-12-02T13:28:31.193Z"}
{"level":"info","message":"Redis connected successfully","service":"backend","timestamp":"2025-12-02T13:28:31.193Z"}
{"level":"info","message":"Prisma info:","service":"backend","timestamp":"2025-12-02T13:28:31.195Z"}
{"level":"info","message":"Database connected successfully","service":"backend","timestamp":"2025-12-02T13:28:31.200Z"}
{"environment":"development","level":"info","message":"Travel Platform Monolith running on port 3000","port":"3000","service":"travel-platform-monolith","timestamp":"2025-12-02T13:28:31.201Z"}
{"level":"info","message":"::1 - - [02/Dec/2025:13:29:05 +0000] \"GET /api/health?id=e7131088-315b-44e8-a79b-c47f7e1fcb6a&vscodeBrowserReqId=1764682145449 HTTP/1.1\" 200 177 \"-\" \"Mozilla/5.0 (Macintosh; Intel Mac OS X 10_15_7) AppleWebKit/537.36 (KHTML, like Gecko) Code/1.106.2 Chrome/138.0.7204.251 Electron/37.7.0 Safari/537.36\"","service":"backend","timestamp":"2025-12-02T13:29:05.521Z"}
{"level":"info","message":"SIGTERM received, shutting down gracefully","service":"backend","timestamp":"2025-12-02T13:29:56.272Z"}
{"level":"info","message":"Redis connected successfully","service":"redis-client","timestamp":"2025-12-02T13:29:57.059Z"}
{"level":"info","message":"Redis connected successfully","service":"backend","timestamp":"2025-12-02T13:29:57.059Z"}
{"level":"info","message":"Prisma info:","service":"backend","timestamp":"2025-12-02T13:29:57.059Z"}
{"level":"info","message":"Database connected successfully","service":"backend","timestamp":"2025-12-02T13:29:57.060Z"}
{"environment":"development","level":"info","message":"Travel Platform Monolith running on port 3000","port":"3000","service":"travel-platform-monolith","timestamp":"2025-12-02T13:29:57.061Z"}
{"level":"info","message":"SIGINT received, shutting down gracefully","service":"backend","timestamp":"2025-12-02T13:31:59.509Z"}
{"level":"info","message":"Redis connected successfully","service":"redis-client","timestamp":"2025-12-02T13:33:05.723Z"}
{"level":"info","message":"Redis connected successfully","service":"backend","timestamp":"2025-12-02T13:33:05.723Z"}
{"level":"info","message":"Prisma info:","service":"backend","timestamp":"2025-12-02T13:33:05.726Z"}
{"level":"info","message":"Database connected successfully","service":"backend","timestamp":"2025-12-02T13:33:05.732Z"}
{"environment":"development","level":"info","message":"Travel Platform Monolith running on port 3000","port":"3000","service":"travel-platform-monolith","timestamp":"2025-12-02T13:33:05.733Z"}
{"level":"info","message":"SIGINT received, shutting down gracefully","service":"backend","timestamp":"2025-12-02T13:33:50.240Z"}
{"level":"info","message":"SIGINT received, shutting down gracefully","service":"backend","timestamp":"2025-12-02T13:33:50.242Z"}
{"level":"info","message":"Redis connected successfully","service":"redis-client","timestamp":"2025-12-02T13:34:22.154Z"}
{"level":"info","message":"Redis connected successfully","service":"backend","timestamp":"2025-12-02T13:34:22.155Z"}
{"level":"info","message":"Prisma info:","service":"backend","timestamp":"2025-12-02T13:34:22.161Z"}
{"level":"info","message":"Database connected successfully","service":"backend","timestamp":"2025-12-02T13:34:22.166Z"}
{"environment":"development","level":"info","message":"Travel Platform Monolith running on port 3000","port":"3000","service":"travel-platform-monolith","timestamp":"2025-12-02T13:34:22.167Z"}
{"level":"info","message":"::1 - - [02/Dec/2025:13:34:44 +0000] \"GET /api/health?id=e7131088-315b-44e8-a79b-c47f7e1fcb6a&vscodeBrowserReqId=1764682484851 HTTP/1.1\" 200 177 \"-\" \"Mozilla/5.0 (Macintosh; Intel Mac OS X 10_15_7) AppleWebKit/537.36 (KHTML, like Gecko) Code/1.106.2 Chrome/138.0.7204.251 Electron/37.7.0 Safari/537.36\"","service":"backend","timestamp":"2025-12-02T13:34:44.863Z"}
{"level":"info","message":"SIGINT received, shutting down gracefully","service":"backend","timestamp":"2025-12-02T13:38:32.821Z"}
{"level":"info","message":"SIGINT received, shutting down gracefully","service":"backend","timestamp":"2025-12-02T13:38:32.829Z"}
{"level":"info","message":"Clean imports are working!","service":"test-import","timestamp":"2025-12-02T13:56:24.542Z"}
{"level":"info","message":"Service absolute imports are working!","service":"backend","timestamp":"2025-12-02T14:31:54.213Z"}
{"level":"info","message":"Redis connected successfully","service":"redis-client","timestamp":"2025-12-02T14:35:47.488Z"}
{"level":"info","message":"Redis connected successfully","service":"backend","timestamp":"2025-12-02T14:35:47.488Z"}
{"level":"info","message":"Prisma info:","service":"backend","timestamp":"2025-12-02T14:35:47.490Z"}
{"level":"info","message":"Database connected successfully","service":"backend","timestamp":"2025-12-02T14:35:47.499Z"}
{"environment":"development","level":"info","message":"Travel Platform Monolith running on port 3000","port":3000,"service":"travel-platform-monolith","timestamp":"2025-12-02T14:35:47.500Z"}
{"level":"info","message":"SIGINT received, shutting down gracefully","service":"backend","timestamp":"2025-12-02T14:36:14.268Z"}
{"level":"info","message":"SIGINT received, shutting down gracefully","service":"backend","timestamp":"2025-12-02T14:36:14.279Z"}
{"level":"info","message":"Redis connected successfully","service":"redis-client","timestamp":"2025-12-02T14:36:24.373Z"}
{"level":"info","message":"Redis connected successfully","service":"backend","timestamp":"2025-12-02T14:36:24.373Z"}
{"level":"info","message":"Prisma info:","service":"backend","timestamp":"2025-12-02T14:36:24.379Z"}
{"level":"info","message":"Database connected successfully","service":"backend","timestamp":"2025-12-02T14:36:24.385Z"}
{"environment":"development","level":"info","message":"Travel Platform Monolith running on port 3000","port":3000,"service":"travel-platform-monolith","timestamp":"2025-12-02T14:36:24.387Z"}
{"level":"info","message":"::1 - - [02/Dec/2025:14:36:38 +0000] \"POST /api/auth/register HTTP/1.1\" 201 679 \"-\" \"curl/8.7.1\"","service":"backend","timestamp":"2025-12-02T14:36:38.271Z"}
{"level":"info","message":"::1 - - [02/Dec/2025:14:36:49 +0000] \"GET /api/health HTTP/1.1\" 200 177 \"-\" \"curl/8.7.1\"","service":"backend","timestamp":"2025-12-02T14:36:49.697Z"}
{"level":"info","message":"::1 - - [02/Dec/2025:14:37:00 +0000] \"POST /api/auth/register HTTP/1.1\" 400 31 \"-\" \"curl/8.7.1\"","service":"backend","timestamp":"2025-12-02T14:37:00.382Z"}
{"level":"info","message":"::1 - - [02/Dec/2025:14:37:08 +0000] \"POST /api/auth/register HTTP/1.1\" 201 676 \"-\" \"curl/8.7.1\"","service":"backend","timestamp":"2025-12-02T14:37:08.041Z"}
{"issues":[{"code":"invalid_type","expected":"'CONSUMER' | 'BUSINESS'","message":"Required","path":["userType"],"received":"undefined"}],"level":"error","message":"Login error: [\n  {\n    \"expected\": \"'CONSUMER' | 'BUSINESS'\",\n    \"received\": \"undefined\",\n    \"code\": \"invalid_type\",\n    \"path\": [\n      \"userType\"\n    ],\n    \"message\": \"Required\"\n  }\n]","name":"ZodError","service":"backend","stack":"ZodError: [\n  {\n    \"expected\": \"'CONSUMER' | 'BUSINESS'\",\n    \"received\": \"undefined\",\n    \"code\": \"invalid_type\",\n    \"path\": [\n      \"userType\"\n    ],\n    \"message\": \"Required\"\n  }\n]\n    at get error (/Users/ibrahim/Documents/projects/test/node_modules/zod/v3/types.cjs:45:31)\n    at ZodObject.parse (/Users/ibrahim/Documents/projects/test/node_modules/zod/v3/types.cjs:120:22)\n    at <anonymous> (/Users/ibrahim/Documents/projects/test/apps/backend/services/auth/auth.routes.ts:117:30)\n    at Layer.handle [as handle_request] (/Users/ibrahim/Documents/projects/test/node_modules/express/lib/router/layer.js:95:5)\n    at next (/Users/ibrahim/Documents/projects/test/node_modules/express/lib/router/route.js:149:13)\n    at Route.dispatch (/Users/ibrahim/Documents/projects/test/node_modules/express/lib/router/route.js:119:3)\n    at Layer.handle [as handle_request] (/Users/ibrahim/Documents/projects/test/node_modules/express/lib/router/layer.js:95:5)\n    at /Users/ibrahim/Documents/projects/test/node_modules/express/lib/router/index.js:284:15\n    at Function.process_params (/Users/ibrahim/Documents/projects/test/node_modules/express/lib/router/index.js:346:12)\n    at next (/Users/ibrahim/Documents/projects/test/node_modules/express/lib/router/index.js:280:10)","timestamp":"2025-12-02T14:37:20.926Z"}
{"level":"info","message":"::1 - - [02/Dec/2025:14:37:20 +0000] \"POST /api/auth/login HTTP/1.1\" 400 30 \"-\" \"curl/8.7.1\"","service":"backend","timestamp":"2025-12-02T14:37:20.928Z"}
{"issues":[{"code":"invalid_type","expected":"'CONSUMER' | 'BUSINESS'","message":"Required","path":["userType"],"received":"undefined"}],"level":"error","message":"Login error: [\n  {\n    \"expected\": \"'CONSUMER' | 'BUSINESS'\",\n    \"received\": \"undefined\",\n    \"code\": \"invalid_type\",\n    \"path\": [\n      \"userType\"\n    ],\n    \"message\": \"Required\"\n  }\n]","name":"ZodError","service":"backend","stack":"ZodError: [\n  {\n    \"expected\": \"'CONSUMER' | 'BUSINESS'\",\n    \"received\": \"undefined\",\n    \"code\": \"invalid_type\",\n    \"path\": [\n      \"userType\"\n    ],\n    \"message\": \"Required\"\n  }\n]\n    at get error (/Users/ibrahim/Documents/projects/test/node_modules/zod/v3/types.cjs:45:31)\n    at ZodObject.parse (/Users/ibrahim/Documents/projects/test/node_modules/zod/v3/types.cjs:120:22)\n    at <anonymous> (/Users/ibrahim/Documents/projects/test/apps/backend/services/auth/auth.routes.ts:117:30)\n    at Layer.handle [as handle_request] (/Users/ibrahim/Documents/projects/test/node_modules/express/lib/router/layer.js:95:5)\n    at next (/Users/ibrahim/Documents/projects/test/node_modules/express/lib/router/route.js:149:13)\n    at Route.dispatch (/Users/ibrahim/Documents/projects/test/node_modules/express/lib/router/route.js:119:3)\n    at Layer.handle [as handle_request] (/Users/ibrahim/Documents/projects/test/node_modules/express/lib/router/layer.js:95:5)\n    at /Users/ibrahim/Documents/projects/test/node_modules/express/lib/router/index.js:284:15\n    at Function.process_params (/Users/ibrahim/Documents/projects/test/node_modules/express/lib/router/index.js:346:12)\n    at next (/Users/ibrahim/Documents/projects/test/node_modules/express/lib/router/index.js:280:10)","timestamp":"2025-12-02T14:38:31.605Z"}
{"level":"info","message":"::1 - - [02/Dec/2025:14:38:31 +0000] \"POST /api/auth/login HTTP/1.1\" 400 30 \"-\" \"curl/8.7.1\"","service":"backend","timestamp":"2025-12-02T14:38:31.607Z"}
{"level":"info","message":"SIGTERM received, shutting down gracefully","service":"backend","timestamp":"2025-12-02T14:38:43.166Z"}
{"level":"info","message":"SIGTERM received, shutting down gracefully","service":"backend","timestamp":"2025-12-02T14:38:43.167Z"}
{"level":"info","message":"Redis connected successfully","service":"redis-client","timestamp":"2025-12-02T14:38:52.655Z"}
{"level":"info","message":"Redis connected successfully","service":"backend","timestamp":"2025-12-02T14:38:52.656Z"}
{"level":"info","message":"Prisma info:","service":"backend","timestamp":"2025-12-02T14:38:52.662Z"}
{"level":"info","message":"Database connected successfully","service":"backend","timestamp":"2025-12-02T14:38:52.667Z"}
{"environment":"development","level":"info","message":"Travel Platform Monolith running on port 3000","port":3000,"service":"travel-platform-monolith","timestamp":"2025-12-02T14:38:52.668Z"}
{"level":"info","message":"::1 - - [02/Dec/2025:14:39:01 +0000] \"POST /api/auth/login HTTP/1.1\" 401 29 \"-\" \"curl/8.7.1\"","service":"backend","timestamp":"2025-12-02T14:39:01.379Z"}
{"level":"info","message":"::1 - - [02/Dec/2025:14:39:06 +0000] \"GET /api/health HTTP/1.1\" 200 177 \"-\" \"curl/8.7.1\"","service":"backend","timestamp":"2025-12-02T14:39:06.282Z"}
{"level":"info","message":"::1 - - [02/Dec/2025:14:39:16 +0000] \"POST /api/auth/login HTTP/1.1\" 401 29 \"-\" \"curl/8.7.1\"","service":"backend","timestamp":"2025-12-02T14:39:16.544Z"}
{"level":"info","message":"SIGTERM received, shutting down gracefully","service":"backend","timestamp":"2025-12-02T14:39:41.368Z"}
{"level":"info","message":"SIGTERM received, shutting down gracefully","service":"backend","timestamp":"2025-12-02T14:39:41.370Z"}
{"level":"info","message":"Redis connected successfully","service":"redis-client","timestamp":"2025-12-02T14:39:44.412Z"}
{"level":"info","message":"Redis connected successfully","service":"backend","timestamp":"2025-12-02T14:39:44.412Z"}
{"level":"info","message":"Prisma info:","service":"backend","timestamp":"2025-12-02T14:39:44.413Z"}
{"level":"info","message":"Database connected successfully","service":"backend","timestamp":"2025-12-02T14:39:44.413Z"}
{"environment":"development","level":"info","message":"Travel Platform Monolith running on port 3000","port":3000,"service":"travel-platform-monolith","timestamp":"2025-12-02T14:39:44.414Z"}
{"level":"info","message":"::1 - - [02/Dec/2025:14:40:14 +0000] \"POST /api/auth/login HTTP/1.1\" 200 664 \"-\" \"curl/8.7.1\"","service":"backend","timestamp":"2025-12-02T14:40:14.310Z"}
{"level":"info","message":"::1 - - [02/Dec/2025:14:40:21 +0000] \"POST /api/auth/login HTTP/1.1\" 200 664 \"-\" \"curl/8.7.1\"","service":"backend","timestamp":"2025-12-02T14:40:21.573Z"}
{"level":"info","message":"::1 - - [02/Dec/2025:14:40:41 +0000] \"POST /api/auth/refresh HTTP/1.1\" 200 269 \"-\" \"curl/8.7.1\"","service":"backend","timestamp":"2025-12-02T14:40:41.424Z"}
{"level":"info","message":"Redis connected successfully","service":"redis-client","timestamp":"2025-12-02T14:46:14.210Z"}
{"level":"info","message":"Redis connected successfully","service":"backend","timestamp":"2025-12-02T14:46:14.210Z"}
{"level":"info","message":"Redis connected successfully","service":"redis-client","timestamp":"2025-12-02T14:47:30.371Z"}
{"level":"info","message":"Redis connected successfully","service":"backend","timestamp":"2025-12-02T14:47:30.372Z"}
{"level":"info","message":"Prisma info:","service":"backend","timestamp":"2025-12-02T14:47:30.379Z"}
{"level":"info","message":"Database connected successfully","service":"backend","timestamp":"2025-12-02T14:47:30.384Z"}
{"environment":"development","level":"info","message":"Travel Platform Monolith running on port 3000","port":3000,"service":"travel-platform-monolith","timestamp":"2025-12-02T14:47:30.385Z"}
{"level":"info","message":"SIGTERM received, shutting down gracefully","service":"backend","timestamp":"2025-12-02T14:52:05.518Z"}
{"level":"info","message":"Redis connected successfully","service":"redis-client","timestamp":"2025-12-02T14:52:06.330Z"}
{"level":"info","message":"Redis connected successfully","service":"backend","timestamp":"2025-12-02T14:52:06.331Z"}
{"level":"info","message":"Prisma info:","service":"backend","timestamp":"2025-12-02T14:52:06.335Z"}
{"level":"info","message":"Database connected successfully","service":"backend","timestamp":"2025-12-02T14:52:06.341Z"}
{"environment":"development","level":"info","message":"Travel Platform Monolith running on port 3000","port":3000,"service":"travel-platform-monolith","timestamp":"2025-12-02T14:52:06.344Z"}
{"level":"info","message":"Redis connected successfully","service":"redis-client","timestamp":"2025-12-02T15:09:45.092Z"}
{"level":"info","message":"Redis connected successfully","service":"backend","timestamp":"2025-12-02T15:09:45.092Z"}
{"level":"info","message":"Prisma info:","service":"backend","timestamp":"2025-12-02T15:09:45.094Z"}
{"level":"info","message":"Database connected successfully","service":"backend","timestamp":"2025-12-02T15:09:45.098Z"}
{"environment":"development","level":"info","message":"Travel Platform Monolith running on port 3000","port":3000,"service":"travel-platform-monolith","timestamp":"2025-12-02T15:09:45.100Z"}
{"level":"info","message":"::1 - - [02/Dec/2025:15:11:12 +0000] \"GET /health HTTP/1.1\" 200 114 \"-\" \"curl/8.7.1\"","service":"backend","timestamp":"2025-12-02T15:11:12.658Z"}
{"level":"info","message":"SIGTERM received, shutting down gracefully","service":"backend","timestamp":"2025-12-02T15:11:21.223Z"}
{"level":"info","message":"Redis connected successfully","service":"redis-client","timestamp":"2025-12-02T15:11:28.105Z"}
{"level":"info","message":"Redis connected successfully","service":"backend","timestamp":"2025-12-02T15:11:28.106Z"}
{"level":"info","message":"Prisma info:","service":"backend","timestamp":"2025-12-02T15:11:28.107Z"}
{"level":"info","message":"Database connected successfully","service":"backend","timestamp":"2025-12-02T15:11:28.107Z"}
{"environment":"development","level":"info","message":"Travel Platform Monolith running on port 3000","port":3000,"service":"travel-platform-monolith","timestamp":"2025-12-02T15:11:28.110Z"}
{"level":"info","message":"SIGINT received, shutting down gracefully","service":"backend","timestamp":"2025-12-02T15:11:43.470Z"}
{"level":"info","message":"SIGINT received, shutting down gracefully","service":"backend","timestamp":"2025-12-02T15:11:43.471Z"}
{"level":"info","message":"Redis connected successfully","service":"redis-client","timestamp":"2025-12-02T16:32:18.188Z"}
{"level":"info","message":"Redis connected successfully","service":"redis-client","timestamp":"2025-12-02T16:32:18.188Z"}
{"level":"info","message":"Redis connected successfully","service":"backend","timestamp":"2025-12-02T16:32:18.188Z"}
{"level":"info","message":"Redis connected successfully","service":"backend","timestamp":"2025-12-02T16:32:18.188Z"}
{"level":"info","message":"Prisma info:","service":"backend","timestamp":"2025-12-02T16:32:18.189Z"}
{"level":"info","message":"Prisma info:","service":"backend","timestamp":"2025-12-02T16:32:18.189Z"}
{"level":"info","message":"Database connected successfully","service":"backend","timestamp":"2025-12-02T16:32:18.190Z"}
{"level":"info","message":"Database connected successfully","service":"backend","timestamp":"2025-12-02T16:32:18.190Z"}
{"environment":"development","level":"info","message":"Travel Platform Monolith running on port 3000","port":3000,"service":"travel-platform-monolith","timestamp":"2025-12-02T16:32:18.191Z"}
{"level":"info","message":"Redis connected successfully","service":"redis-client","timestamp":"2025-12-02T16:33:01.299Z"}
{"level":"info","message":"Redis connected successfully","service":"backend","timestamp":"2025-12-02T16:33:01.299Z"}
{"level":"info","message":"Prisma info:","service":"backend","timestamp":"2025-12-02T16:33:01.302Z"}
{"level":"info","message":"Database connected successfully","service":"backend","timestamp":"2025-12-02T16:33:01.307Z"}
{"environment":"development","level":"info","message":"Travel Platform Monolith running on port 3000","port":3000,"service":"travel-platform-monolith","timestamp":"2025-12-02T16:33:01.308Z"}
{"level":"info","message":"SIGINT received, shutting down gracefully","service":"backend","timestamp":"2025-12-02T16:33:19.934Z"}
{"level":"info","message":"SIGINT received, shutting down gracefully","service":"backend","timestamp":"2025-12-02T16:33:19.934Z"}
{"level":"info","message":"Redis connected successfully","service":"redis-client","timestamp":"2025-12-02T16:33:41.531Z"}
{"level":"info","message":"Redis connected successfully","service":"backend","timestamp":"2025-12-02T16:33:41.531Z"}
{"level":"info","message":"Prisma info:","service":"backend","timestamp":"2025-12-02T16:33:41.533Z"}
{"level":"info","message":"Database connected successfully","service":"backend","timestamp":"2025-12-02T16:33:41.538Z"}
{"environment":"development","level":"info","message":"Travel Platform Monolith running on port 3000","port":3000,"service":"travel-platform-monolith","timestamp":"2025-12-02T16:33:41.539Z"}
{"level":"info","message":"SIGINT received, shutting down gracefully","service":"backend","timestamp":"2025-12-02T16:34:14.760Z"}
{"level":"info","message":"SIGINT received, shutting down gracefully","service":"backend","timestamp":"2025-12-02T16:34:14.761Z"}
{"level":"info","message":"Redis connected successfully","service":"redis-client","timestamp":"2025-12-02T16:34:32.573Z"}
{"level":"info","message":"Redis connected successfully","service":"backend","timestamp":"2025-12-02T16:34:32.573Z"}
{"level":"info","message":"Prisma info:","service":"backend","timestamp":"2025-12-02T16:34:32.576Z"}
{"level":"info","message":"Database connected successfully","service":"backend","timestamp":"2025-12-02T16:34:32.580Z"}
{"environment":"development","level":"info","message":"Travel Platform Monolith running on port 3000","port":3000,"service":"travel-platform-monolith","timestamp":"2025-12-02T16:34:32.581Z"}
{"level":"info","message":"Redis connected successfully","service":"redis-client","timestamp":"2025-12-02T16:37:52.899Z"}
{"level":"info","message":"Redis connected successfully","service":"backend","timestamp":"2025-12-02T16:37:52.900Z"}
{"level":"info","message":"Prisma info:","service":"backend","timestamp":"2025-12-02T16:37:52.900Z"}
{"level":"info","message":"Database connected successfully","service":"backend","timestamp":"2025-12-02T16:37:52.901Z"}
{"level":"info","message":"Redis connected successfully","service":"redis-client","timestamp":"2025-12-02T16:38:57.638Z"}
{"level":"info","message":"Redis connected successfully","service":"backend","timestamp":"2025-12-02T16:38:57.638Z"}
{"level":"info","message":"Prisma info:","service":"backend","timestamp":"2025-12-02T16:38:57.639Z"}
{"level":"info","message":"Database connected successfully","service":"backend","timestamp":"2025-12-02T16:38:57.639Z"}
{"environment":"development","level":"info","message":"Travel Platform Monolith running on port 3000","port":3000,"service":"travel-platform-monolith","timestamp":"2025-12-02T16:38:57.640Z"}
{"level":"info","message":"SIGINT received, shutting down gracefully","service":"backend","timestamp":"2025-12-02T16:39:30.569Z"}
{"level":"info","message":"SIGINT received, shutting down gracefully","service":"backend","timestamp":"2025-12-02T16:39:30.570Z"}
{"level":"info","message":"Redis connected successfully","service":"redis-client","timestamp":"2025-12-02T17:00:25.313Z"}
{"level":"info","message":"Redis connected successfully","service":"backend","timestamp":"2025-12-02T17:00:25.314Z"}
{"level":"info","message":"Prisma info:","service":"backend","timestamp":"2025-12-02T17:00:25.316Z"}
{"level":"info","message":"Database connected successfully","service":"backend","timestamp":"2025-12-02T17:00:25.321Z"}
{"environment":"development","level":"info","message":"Travel Platform Monolith running on port 3000","port":3000,"service":"travel-platform-monolith","timestamp":"2025-12-02T17:00:25.322Z"}
{"level":"info","message":"SIGINT received, shutting down gracefully","service":"backend","timestamp":"2025-12-02T17:00:54.372Z"}
{"level":"info","message":"SIGINT received, shutting down gracefully","service":"backend","timestamp":"2025-12-02T17:00:54.373Z"}
{"level":"info","message":"Redis connected successfully","service":"redis-client","timestamp":"2025-12-02T17:03:46.761Z"}
{"level":"info","message":"Redis connected successfully","service":"backend","timestamp":"2025-12-02T17:03:46.761Z"}
{"level":"info","message":"Prisma info:","service":"backend","timestamp":"2025-12-02T17:03:46.762Z"}
{"level":"info","message":"Database connected successfully","service":"backend","timestamp":"2025-12-02T17:03:46.763Z"}
{"environment":"development","level":"info","message":"Travel Platform Monolith running on port 3000","port":3000,"service":"travel-platform-monolith","timestamp":"2025-12-02T17:03:46.765Z"}
{"level":"info","message":"SIGINT received, shutting down gracefully","service":"backend","timestamp":"2025-12-02T17:04:05.162Z"}
{"level":"info","message":"SIGINT received, shutting down gracefully","service":"backend","timestamp":"2025-12-02T17:04:05.163Z"}
{"level":"info","message":"Redis connected successfully","service":"redis-client","timestamp":"2025-12-02T17:05:36.084Z"}
{"level":"info","message":"Redis connected successfully","service":"backend","timestamp":"2025-12-02T17:05:36.085Z"}
{"level":"info","message":"Prisma info:","service":"backend","timestamp":"2025-12-02T17:05:36.086Z"}
{"level":"info","message":"Database connected successfully","service":"backend","timestamp":"2025-12-02T17:05:36.087Z"}
{"environment":"development","level":"info","message":"Travel Platform Monolith running on port 3000","port":3000,"service":"travel-platform-monolith","timestamp":"2025-12-02T17:05:36.088Z"}
{"level":"info","message":"SIGINT received, shutting down gracefully","service":"backend","timestamp":"2025-12-02T17:05:54.015Z"}
{"level":"info","message":"SIGINT received, shutting down gracefully","service":"backend","timestamp":"2025-12-02T17:05:54.016Z"}
{"level":"info","message":"Redis connected successfully","service":"redis-client","timestamp":"2025-12-02T17:06:07.492Z"}
{"level":"info","message":"Redis connected successfully","service":"backend","timestamp":"2025-12-02T17:06:07.493Z"}
{"level":"info","message":"Prisma info:","service":"backend","timestamp":"2025-12-02T17:06:07.495Z"}
{"level":"info","message":"Database connected successfully","service":"backend","timestamp":"2025-12-02T17:06:07.499Z"}
{"environment":"development","level":"info","message":"Travel Platform Monolith running on port 3000","port":3000,"service":"travel-platform-monolith","timestamp":"2025-12-02T17:06:07.500Z"}
{"level":"info","message":"Redis connected successfully","service":"redis-client","timestamp":"2025-12-02T17:09:19.705Z"}
{"level":"info","message":"Redis connected successfully","service":"backend","timestamp":"2025-12-02T17:09:19.706Z"}
{"level":"info","message":"Prisma info:","service":"backend","timestamp":"2025-12-02T17:09:19.707Z"}
{"level":"info","message":"Database connected successfully","service":"backend","timestamp":"2025-12-02T17:09:19.708Z"}
{"level":"info","message":"Redis connected successfully","service":"redis-client","timestamp":"2025-12-02T17:10:07.892Z"}
{"level":"info","message":"Redis connected successfully","service":"backend","timestamp":"2025-12-02T17:10:07.893Z"}
{"level":"info","message":"Prisma info:","service":"backend","timestamp":"2025-12-02T17:10:07.895Z"}
{"level":"info","message":"Database connected successfully","service":"backend","timestamp":"2025-12-02T17:10:07.900Z"}
{"environment":"development","level":"info","message":"Travel Platform Monolith running on port 3000","port":3000,"service":"travel-platform-monolith","timestamp":"2025-12-02T17:10:07.901Z"}
{"level":"info","message":"SIGINT received, shutting down gracefully","service":"backend","timestamp":"2025-12-02T17:10:25.830Z"}
{"level":"info","message":"SIGINT received, shutting down gracefully","service":"backend","timestamp":"2025-12-02T17:10:25.831Z"}
{"level":"info","message":"Redis connected successfully","service":"redis-client","timestamp":"2025-12-02T19:57:54.051Z"}
{"level":"info","message":"Redis connected successfully","service":"backend","timestamp":"2025-12-02T19:57:54.051Z"}
{"level":"info","message":"Prisma info:","service":"backend","timestamp":"2025-12-02T19:57:54.054Z"}
{"level":"info","message":"Database connected successfully","service":"backend","timestamp":"2025-12-02T19:57:54.058Z"}
{"environment":"development","level":"info","message":"Travel Platform Monolith running on port 3000","port":3000,"service":"travel-platform-monolith","timestamp":"2025-12-02T19:57:54.059Z"}
{"level":"info","message":"SIGTERM received, shutting down gracefully","service":"backend","timestamp":"2025-12-02T20:00:43.548Z"}
{"level":"info","message":"Redis connected successfully","service":"redis-client","timestamp":"2025-12-02T20:00:44.328Z"}
{"level":"info","message":"Redis connected successfully","service":"backend","timestamp":"2025-12-02T20:00:44.329Z"}
{"level":"info","message":"Prisma info:","service":"backend","timestamp":"2025-12-02T20:00:44.333Z"}
{"level":"info","message":"Database connected successfully","service":"backend","timestamp":"2025-12-02T20:00:44.333Z"}
{"environment":"development","level":"info","message":"Travel Platform Monolith running on port 3000","port":3000,"service":"travel-platform-monolith","timestamp":"2025-12-02T20:00:44.335Z"}
{"level":"info","message":"SIGTERM received, shutting down gracefully","service":"backend","timestamp":"2025-12-02T20:01:10.654Z"}
{"level":"info","message":"Redis connected successfully","service":"redis-client","timestamp":"2025-12-02T20:01:12.027Z"}
{"level":"info","message":"Redis connected successfully","service":"backend","timestamp":"2025-12-02T20:01:12.027Z"}
{"level":"info","message":"Prisma info:","service":"backend","timestamp":"2025-12-02T20:01:12.028Z"}
{"level":"info","message":"Database connected successfully","service":"backend","timestamp":"2025-12-02T20:01:12.029Z"}
{"environment":"development","level":"info","message":"Travel Platform Monolith running on port 3000","port":3000,"service":"travel-platform-monolith","timestamp":"2025-12-02T20:01:12.030Z"}
{"level":"info","message":"SIGINT received, shutting down gracefully","service":"backend","timestamp":"2025-12-02T20:01:34.579Z"}
{"level":"info","message":"SIGINT received, shutting down gracefully","service":"backend","timestamp":"2025-12-02T20:01:34.580Z"}
{"level":"info","message":"Redis connected successfully","service":"redis-client","timestamp":"2025-12-02T20:02:38.398Z"}
{"level":"info","message":"Redis connected successfully","service":"backend","timestamp":"2025-12-02T20:02:38.398Z"}
{"level":"info","message":"Prisma info:","service":"backend","timestamp":"2025-12-02T20:02:38.400Z"}
{"level":"info","message":"Database connected successfully","service":"backend","timestamp":"2025-12-02T20:02:38.405Z"}
{"environment":"development","level":"info","message":"Travel Platform Monolith running on port 3000","port":3000,"service":"travel-platform-monolith","timestamp":"2025-12-02T20:02:38.406Z"}
{"level":"info","message":"SIGTERM received, shutting down gracefully","service":"backend","timestamp":"2025-12-02T20:06:39.584Z"}
{"level":"info","message":"Redis connected successfully","service":"redis-client","timestamp":"2025-12-02T20:06:40.452Z"}
{"level":"info","message":"Redis connected successfully","service":"backend","timestamp":"2025-12-02T20:06:40.453Z"}
{"level":"info","message":"Prisma info:","service":"backend","timestamp":"2025-12-02T20:06:40.453Z"}
{"level":"info","message":"Database connected successfully","service":"backend","timestamp":"2025-12-02T20:06:40.453Z"}
{"environment":"development","level":"info","message":"Travel Platform Monolith running on port 3000","port":3000,"service":"travel-platform-monolith","timestamp":"2025-12-02T20:06:40.454Z"}
{"level":"info","message":"SIGTERM received, shutting down gracefully","service":"backend","timestamp":"2025-12-02T20:06:57.235Z"}
{"level":"info","message":"Redis connected successfully","service":"redis-client","timestamp":"2025-12-02T20:06:57.979Z"}
{"level":"info","message":"Redis connected successfully","service":"backend","timestamp":"2025-12-02T20:06:57.980Z"}
{"level":"info","message":"Prisma info:","service":"backend","timestamp":"2025-12-02T20:06:57.980Z"}
{"level":"info","message":"Database connected successfully","service":"backend","timestamp":"2025-12-02T20:06:57.981Z"}
{"environment":"development","level":"info","message":"Travel Platform Monolith running on port 3000","port":3000,"service":"travel-platform-monolith","timestamp":"2025-12-02T20:06:57.982Z"}
{"level":"info","message":"SIGTERM received, shutting down gracefully","service":"backend","timestamp":"2025-12-02T20:07:25.520Z"}
{"level":"info","message":"Redis connected successfully","service":"redis-client","timestamp":"2025-12-02T20:07:26.281Z"}
{"level":"info","message":"Redis connected successfully","service":"backend","timestamp":"2025-12-02T20:07:26.281Z"}
{"level":"info","message":"Prisma info:","service":"backend","timestamp":"2025-12-02T20:07:26.282Z"}
{"level":"info","message":"Database connected successfully","service":"backend","timestamp":"2025-12-02T20:07:26.282Z"}
{"environment":"development","level":"info","message":"Travel Platform Monolith running on port 3000","port":3000,"service":"travel-platform-monolith","timestamp":"2025-12-02T20:07:26.283Z"}
{"level":"info","message":"SIGTERM received, shutting down gracefully","service":"backend","timestamp":"2025-12-02T20:07:51.032Z"}
{"level":"info","message":"Redis connected successfully","service":"redis-client","timestamp":"2025-12-02T20:07:51.566Z"}
{"level":"info","message":"Redis connected successfully","service":"backend","timestamp":"2025-12-02T20:07:51.567Z"}
{"level":"info","message":"Prisma info:","service":"backend","timestamp":"2025-12-02T20:07:51.567Z"}
{"level":"info","message":"Database connected successfully","service":"backend","timestamp":"2025-12-02T20:07:51.567Z"}
{"environment":"development","level":"info","message":"Travel Platform Monolith running on port 3000","port":3000,"service":"travel-platform-monolith","timestamp":"2025-12-02T20:07:51.568Z"}
{"level":"info","message":"SIGTERM received, shutting down gracefully","service":"backend","timestamp":"2025-12-02T20:07:55.655Z"}
{"level":"info","message":"Redis connected successfully","service":"redis-client","timestamp":"2025-12-02T20:07:56.362Z"}
{"level":"info","message":"Redis connected successfully","service":"backend","timestamp":"2025-12-02T20:07:56.363Z"}
{"level":"info","message":"Prisma info:","service":"backend","timestamp":"2025-12-02T20:07:56.364Z"}
{"level":"info","message":"Database connected successfully","service":"backend","timestamp":"2025-12-02T20:07:56.364Z"}
{"environment":"development","level":"info","message":"Travel Platform Monolith running on port 3000","port":3000,"service":"travel-platform-monolith","timestamp":"2025-12-02T20:07:56.365Z"}
{"level":"info","message":"SIGINT received, shutting down gracefully","service":"backend","timestamp":"2025-12-02T20:08:06.956Z"}
{"level":"info","message":"SIGINT received, shutting down gracefully","service":"backend","timestamp":"2025-12-02T20:08:06.957Z"}
{"level":"info","message":"Redis connected successfully","service":"redis-client","timestamp":"2025-12-03T06:33:51.997Z"}
{"level":"info","message":"Redis connected successfully","service":"backend","timestamp":"2025-12-03T06:33:51.998Z"}
{"level":"info","message":"Prisma info:","service":"backend","timestamp":"2025-12-03T06:33:52.001Z"}
{"level":"info","message":"Database connected successfully","service":"backend","timestamp":"2025-12-03T06:33:52.004Z"}
{"environment":"development","level":"info","message":"Travel Platform Monolith running on port 3000","port":3000,"service":"travel-platform-monolith","timestamp":"2025-12-03T06:33:52.005Z"}
{"level":"info","message":"SIGINT received, shutting down gracefully","service":"backend","timestamp":"2025-12-03T06:34:37.547Z"}
{"level":"info","message":"Redis connected successfully","service":"redis-client","timestamp":"2025-12-03T09:41:11.902Z"}
{"level":"info","message":"Redis connected successfully","service":"redis-client","timestamp":"2025-12-03T09:41:11.902Z"}
{"level":"info","message":"Redis connected successfully","service":"backend","timestamp":"2025-12-03T09:41:11.902Z"}
{"level":"info","message":"Redis connected successfully","service":"backend","timestamp":"2025-12-03T09:41:11.902Z"}
{"level":"info","message":"Prisma info:","service":"backend","timestamp":"2025-12-03T09:41:11.903Z"}
{"level":"info","message":"Prisma info:","service":"backend","timestamp":"2025-12-03T09:41:11.903Z"}
{"level":"info","message":"Database connected successfully","service":"backend","timestamp":"2025-12-03T09:41:11.905Z"}
{"level":"info","message":"Database connected successfully","service":"backend","timestamp":"2025-12-03T09:41:11.905Z"}
{"environment":"development","level":"info","message":"Travel Platform Monolith running on port 3000","port":3000,"service":"travel-platform-monolith","timestamp":"2025-12-03T09:41:11.906Z"}
{"level":"info","message":"SIGTERM received, shutting down gracefully","service":"backend","timestamp":"2025-12-03T09:41:20.685Z"}
{"level":"info","message":"Redis connected successfully","service":"redis-client","timestamp":"2025-12-03T09:41:21.514Z"}
{"level":"info","message":"Redis connected successfully","service":"backend","timestamp":"2025-12-03T09:41:21.514Z"}
{"level":"info","message":"Prisma info:","service":"backend","timestamp":"2025-12-03T09:41:21.515Z"}
{"level":"info","message":"Database connected successfully","service":"backend","timestamp":"2025-12-03T09:41:21.515Z"}
{"environment":"development","level":"info","message":"Travel Platform Monolith running on port 3000","port":3000,"service":"travel-platform-monolith","timestamp":"2025-12-03T09:41:21.516Z"}
{"level":"info","message":"SIGINT received, shutting down gracefully","service":"backend","timestamp":"2025-12-03T09:42:22.432Z"}
{"level":"info","message":"SIGINT received, shutting down gracefully","service":"backend","timestamp":"2025-12-03T09:42:22.434Z"}
{"level":"info","message":"Redis connected successfully","service":"redis-client","timestamp":"2025-12-03T09:42:52.846Z"}
{"level":"info","message":"Redis connected successfully","service":"backend","timestamp":"2025-12-03T09:42:52.846Z"}
{"level":"info","message":"Prisma info:","service":"backend","timestamp":"2025-12-03T09:42:52.851Z"}
{"level":"info","message":"Database connected successfully","service":"backend","timestamp":"2025-12-03T09:42:52.859Z"}
{"environment":"development","level":"info","message":"Travel Platform Monolith running on port 3000","port":3000,"service":"travel-platform-monolith","timestamp":"2025-12-03T09:42:52.861Z"}
{"level":"info","message":"SIGINT received, shutting down gracefully","service":"backend","timestamp":"2025-12-03T09:43:13.860Z"}
{"level":"info","message":"SIGINT received, shutting down gracefully","service":"backend","timestamp":"2025-12-03T09:43:13.863Z"}
